Der Buildvorgang wurde am 25.02.2016 19:02:38 gestartet.
     1>Projekt "C:\GitHub\Tetris\Tetris\Tetris.vcxproj" auf Knoten "2", Build Ziel(e).
     1>ClCompile:
         C:\Program Files (x86)\Microsoft Visual Studio 12.0\VC\bin\CL.exe /c /I"C:\SFML-2.3.2\include" /Zi /nologo /W3 /WX- /sdl /O2 /Oi /Oy- /GL /D WIN32 /D NDEBUG /D _CONSOLE /D _LIB /D _UNICODE /D UNICODE /Gm- /EHsc /MD /GS /Gy /fp:precise /Zc:wchar_t /Zc:forScope /Fo"Release\\" /Fd"Release\vc120.pdb" /Gd /TP /analyze- /errorReport:prompt AI.cpp GameLogic.cpp View.cpp main.cpp
         AI.cpp
     1>AI.cpp(317): warning C4018: '<': Konflikt zwischen 'signed' und 'unsigned'
     1>AI.cpp(336): warning C4018: '<': Konflikt zwischen 'signed' und 'unsigned'
     1>AI.cpp(397): warning C4305: 'Argument': Verkürzung von 'double' in 'float'
     1>AI.cpp(401): warning C4244: 'Initialisierung': Konvertierung von 'float' in 'int', möglicher Datenverlust
     1>AI.cpp(402): warning C4244: 'Initialisierung': Konvertierung von 'float' in 'int', möglicher Datenverlust
     1>AI.cpp(425): warning C4018: '>': Konflikt zwischen 'signed' und 'unsigned'
     1>AI.cpp(433): warning C4018: '<': Konflikt zwischen 'signed' und 'unsigned'
     1>AI.cpp(449): warning C4018: '<': Konflikt zwischen 'signed' und 'unsigned'
     1>AI.cpp(562): warning C4018: '<': Konflikt zwischen 'signed' und 'unsigned'
         GameLogic.cpp
     1>GameLogic.cpp(33): warning C4244: 'Argument': Konvertierung von 'time_t' in 'unsigned int', möglicher Datenverlust
     1>GameLogic.cpp(200): warning C4244: 'Argument': Konvertierung von 'time_t' in 'unsigned int', möglicher Datenverlust
         View.cpp
     1>View.cpp(389): warning C4244: 'Argument': Konvertierung von 'int' in 'float', möglicher Datenverlust
     1>View.cpp(394): warning C4244: 'Argument': Konvertierung von 'int' in 'float', möglicher Datenverlust
     1>View.cpp(401): warning C4244: 'Argument': Konvertierung von 'int' in 'float', möglicher Datenverlust
     1>View.cpp(411): warning C4244: 'Argument': Konvertierung von 'int' in 'float', möglicher Datenverlust
     1>View.cpp(415): warning C4244: 'Argument': Konvertierung von 'int' in 'float', möglicher Datenverlust
     1>View.cpp(419): warning C4244: 'Argument': Konvertierung von 'int' in 'float', möglicher Datenverlust
     1>View.cpp(423): warning C4244: 'Argument': Konvertierung von 'int' in 'float', möglicher Datenverlust
     1>View.cpp(427): warning C4244: 'Argument': Konvertierung von 'int' in 'float', möglicher Datenverlust
     1>View.cpp(431): warning C4244: 'Argument': Konvertierung von 'int' in 'float', möglicher Datenverlust
         main.cpp
       Link:
         C:\Program Files (x86)\Microsoft Visual Studio 12.0\VC\bin\link.exe /ERRORREPORT:PROMPT /OUT:"C:\GitHub\Tetris\Release\Tetris.exe" /INCREMENTAL:NO /NOLOGO /LIBPATH:"C:\SFML-2.3.2\lib" "sfml-graphics.lib" "sfml-window.lib" "sfml-system.lib" "sfml-audio.lib" kernel32.lib user32.lib gdi32.lib winspool.lib comdlg32.lib advapi32.lib shell32.lib ole32.lib oleaut32.lib uuid.lib odbc32.lib odbccp32.lib kernel32.lib user32.lib gdi32.lib winspool.lib comdlg32.lib advapi32.lib shell32.lib ole32.lib oleaut32.lib uuid.lib odbc32.lib odbccp32.lib /MANIFEST /MANIFESTUAC:"level='asInvoker' uiAccess='false'" /manifest:embed /DEBUG /PDB:"C:\GitHub\Tetris\Release\Tetris.pdb" /SUBSYSTEM:CONSOLE /OPT:REF /OPT:ICF /LTCG /TLBID:1 /DYNAMICBASE /NXCOMPAT /IMPLIB:"C:\GitHub\Tetris\Release\Tetris.lib" /MACHINE:X86 /SAFESEH Release\AI.obj
         Release\GameLogic.obj
         Release\main.obj
         Release\Tetromino.obj
         Release\View.obj
         Code wird generiert.
         Codegenerierung ist abgeschlossen.
         Tetris.vcxproj -> C:\GitHub\Tetris\Release\Tetris.exe
     1>Die Erstellung des Projekts "C:\GitHub\Tetris\Tetris\Tetris.vcxproj" ist abgeschlossen, Build Ziel(e).

Build erfolgreich.

Verstrichene Zeit 00:00:03.15
